<?xml version="1.0" encoding="UTF-8"?>
<!-- Generated by org.testng.reporters.JUnitReportReporter -->
<testsuite hostname="DESKTOP-UR9D5D0" failures="0" tests="2" name="formation.tests.SubmitOrders" time="43.546" errors="0" timestamp="2024-09-29T22:56:38 CEST" skipped="0">
  <testcase classname="formation.tests.SubmitOrders" name="SubmitOrder" time="21.190"/>
  <system-out/>
  <testcase classname="formation.tests.SubmitOrders" name="SubmitOrder" time="22.356"/>
  <system-out/>
</testsuite> <!-- formation.tests.SubmitOrders -->
