<?xml version="1.0" encoding="UTF-8"?>
<!-- Generated by org.testng.reporters.JUnitReportReporter -->
<testsuite hostname="DESKTOP-UR9D5D0" failures="0" tests="1" name="cucumber.TestNGTestRunner" time="24.872" errors="0" timestamp="2024-10-09T13:48:08 CEST" skipped="0">
  <testcase classname="cucumber.TestNGTestRunner" name="runScenario" time="24.872"/>
  <system-out/>
</testsuite> <!-- cucumber.TestNGTestRunner -->
